<?xml version="1.0" encoding="UTF-8"?>
<!-- Generated by org.testng.reporters.JUnitReportReporter -->
<testsuite hostname="BPA-CH-L048" name="com.niki.test.TestReferrelEarn" tests="1" failures="0" timestamp="2 Jun 2017 08:48:29 GMT" time="13.180" errors="0">
  <testcase name="referralEarn" time="13.180" classname="com.niki.test.TestReferrelEarn"/>
</testsuite> <!-- com.niki.test.TestReferrelEarn -->
